<?xml version="1.0" encoding="UTF-8"?>
<!-- Generated by org.testng.reporters.JUnitXMLReporter -->
<testsuite ignored="0" hostname="Mithuns-Mac.local" failures="0" tests="3" name="RegresssionTest2" time="0.034" errors="0" timestamp="2024-04-26T22:28:20 IST">
  <testcase classname="tests.HomePageTest" name="homePageTest1" time="0.003"/>
  <testcase classname="tests.LoginTest" name="test2" time="0.001"/>
  <testcase classname="tests.LoginTest" name="test3" time="0.001"/>
</testsuite> <!-- RegresssionTest2 -->
