<?xml version="1.0" encoding="UTF-8"?>
<!-- Generated by org.testng.reporters.JUnitXMLReporter -->
<testsuite ignored="0" hostname="Mithuns-Mac.local" failures="1" tests="3" name="Test" time="4.788" errors="0" timestamp="2024-05-03T22:38:33 IST">
  <testcase classname="tests.LoginTest" name="verifyLoginWithCorrectCredentials1" time="2.199"/>
  <testcase classname="tests.LoginTest" name="verifyLoginWithCorrectCredentials" time="2.275">
    <failure type="java.util.NoSuchElementException">
      <![CDATA[java.util.NoSuchElementException
at tests.LoginTest.verifyLoginWithCorrectCredentials(LoginTest.java:61)
at java.base/java.util.concurrent.ThreadPoolExecutor.runWorker(ThreadPoolExecutor.java:1136)
at java.base/java.util.concurrent.ThreadPoolExecutor$Worker.run(ThreadPoolExecutor.java:635)
at java.base/java.lang.Thread.run(Thread.java:840)
... Removed 12 stack frames]]>
    </failure>
  </testcase> <!-- verifyLoginWithCorrectCredentials -->
  <testcase classname="tests.LoginTest" name="verifyLoginWithCorrectCredentials2" time="2.641"/>
</testsuite> <!-- Test -->
