<?xml version="1.0" encoding="UTF-8"?>
<!-- Generated by org.testng.reporters.JUnitXMLReporter -->
<testsuite ignored="0" hostname="Mithuns-Mac.local" failures="1" tests="2" name="Test" time="2.374" errors="0" timestamp="2024-04-29T22:34:09 IST">
  <testcase classname="tests.LoginTest" name="test1" time="1.321">
    <failure type="java.lang.AssertionError" message="The following asserts failed:
	Home page should be loaded expected [true] but found [false]">
      <![CDATA[java.lang.AssertionError: The following asserts failed:
Home page should be loaded expected [true] but found [false]
at tests.LoginTest.test1(LoginTest.java:56)
at java.base/java.util.concurrent.ThreadPoolExecutor.runWorker(ThreadPoolExecutor.java:1136)
at java.base/java.util.concurrent.ThreadPoolExecutor$Worker.run(ThreadPoolExecutor.java:635)
at java.base/java.lang.Thread.run(Thread.java:840)
... Removed 14 stack frames]]>
    </failure>
  </testcase> <!-- test1 -->
  <testcase classname="tests.LoginTest" name="test2" time="0.0">
    <skipped/>
  </testcase> <!-- test2 -->
</testsuite> <!-- Test -->
