<?xml version="1.0" encoding="UTF-8"?>
<testng-results ignored="0" total="1" passed="1" failed="0" skipped="0">
  <reporter-output>
  </reporter-output>
  <suite started-at="2024-05-01T22:40:53 IST" name="Default suite" finished-at="2024-05-01T22:41:03 IST" duration-ms="10644">
    <groups>
    </groups>
    <test started-at="2024-05-01T22:40:53 IST" name="Default test" finished-at="2024-05-01T22:41:03 IST" duration-ms="10644">
      <class name="tests.LoginTest">
        <test-method is-config="true" signature="setupDriver()[pri:0, instance:tests.LoginTest@942a29c]" started-at="2024-05-01T22:40:53 IST" name="setupDriver" finished-at="2024-05-01T22:40:53 IST" duration-ms="6" status="PASS">
          <reporter-output>
          </reporter-output>
        </test-method> <!-- setupDriver -->
        <test-method is-config="true" signature="setupDriver()[pri:0, instance:tests.LoginTest@942a29c]" started-at="2024-05-01T22:40:53 IST" name="setupDriver" finished-at="2024-05-01T22:40:53 IST" duration-ms="0" status="PASS">
          <reporter-output>
          </reporter-output>
        </test-method> <!-- setupDriver -->
        <test-method is-config="true" signature="preCondtions()[pri:0, instance:tests.LoginTest@942a29c]" started-at="2024-05-01T22:40:53 IST" name="preCondtions" finished-at="2024-05-01T22:41:03 IST" duration-ms="10094" status="PASS">
          <reporter-output>
          </reporter-output>
        </test-method> <!-- preCondtions -->
        <test-method signature="verifyLoginWithCorrectCredentials()[pri:0, instance:tests.LoginTest@942a29c]" started-at="2024-05-01T22:41:03 IST" name="verifyLoginWithCorrectCredentials" finished-at="2024-05-01T22:41:03 IST" duration-ms="526" status="PASS">
          <reporter-output>
          </reporter-output>
        </test-method> <!-- verifyLoginWithCorrectCredentials -->
        <test-method is-config="true" signature="postCondtions()[pri:0, instance:tests.LoginTest@942a29c]" started-at="2024-05-01T22:41:03 IST" name="postCondtions" finished-at="2024-05-01T22:41:03 IST" duration-ms="1" status="PASS">
          <reporter-output>
          </reporter-output>
        </test-method> <!-- postCondtions -->
      </class> <!-- tests.LoginTest -->
    </test> <!-- Default test -->
  </suite> <!-- Default suite -->
</testng-results>
