<?xml version="1.0" encoding="UTF-8"?>
<!-- Generated by org.testng.reporters.JUnitXMLReporter -->
<testsuite ignored="1" hostname="Mithuns-Mac.local" failures="0" tests="2" name="Login" time="2.129" errors="0" timestamp="2024-04-26T22:47:03 IST">
  <testcase classname="tests.HomePageTest" name="homePageTest1" time="0.003"/>
  <testcase classname="tests.LoginTest" name="test1" time="2.013"/>
  <testcase classname="tests.LoginTest" name="test2" time="0.0">
    <ignored/>
  </testcase> <!-- test2 -->
</testsuite> <!-- Login -->
