<?xml version="1.0" encoding="UTF-8"?>
<!-- Generated by org.testng.reporters.JUnitXMLReporter -->
<testsuite ignored="1" hostname="Mithuns-Mac.local" failures="0" tests="2" name="LoginOnSafari" time="11.404" errors="0" timestamp="2024-04-26T22:54:43 IST">
  <testcase classname="tests.HomePageTest" name="homePageTest1" time="0.0"/>
  <testcase classname="tests.LoginTest" name="test1" time="1.383"/>
  <testcase classname="tests.LoginTest" name="test2" time="0.0">
    <ignored/>
  </testcase> <!-- test2 -->
</testsuite> <!-- LoginOnSafari -->
